<?xml version="1.0" encoding="UTF-8"?>
<!-- Generated by org.testng.reporters.JUnitReportReporter -->
<testsuite hostname="LAPTOP-8TP6OQIJ" failures="0" tests="2" name="testcases.VerifyRegisterationTestCases" time="9.142" errors="0" timestamp="2024-04-26T08:52:25 IST" skipped="0">
  <testcase classname="testcases.VerifyRegisterationTestCases" name="verifyRegisterationWithValidData" time="4.585"/>
  <testcase classname="testcases.VerifyRegisterationTestCases" name="verifyRegisterationWithInValidData" time="4.557"/>
</testsuite> <!-- testcases.VerifyRegisterationTestCases -->
