<?xml version="1.0" encoding="UTF-8"?>
<!-- Generated by org.testng.reporters.JUnitReportReporter -->
<testsuite hostname="LAPTOP-8TP6OQIJ" failures="0" tests="2" name="testngconcepts.demo2" time="0.004" errors="0" timestamp="2024-04-18T08:47:19 IST" skipped="0">
  <testcase classname="testngconcepts.demo2" name="test2" time="0.002"/>
  <testcase classname="testngconcepts.demo2" name="test1" time="0.002"/>
</testsuite> <!-- testngconcepts.demo2 -->
