<?xml version="1.0" encoding="UTF-8"?>
<!-- Generated by org.testng.reporters.JUnitReportReporter -->
<testsuite hostname="LAPTOP-8TP6OQIJ" failures="0" tests="11" name="testngconcepts.otheranoations" time="0.030" errors="0" timestamp="2024-04-19T08:57:27 IST" skipped="1">
  <testcase classname="testngconcepts.otheranoations" name="test1" time="0.001"/>
  <testcase classname="testngconcepts.otheranoations" name="test1" time="0.002"/>
  <testcase classname="testngconcepts.otheranoations" name="test1" time="0.001"/>
  <testcase classname="testngconcepts.otheranoations" name="test1" time="0.001"/>
  <testcase classname="testngconcepts.otheranoations" name="test1" time="0.009"/>
  <testcase classname="testngconcepts.otheranoations" name="test1" time="0.002"/>
  <testcase classname="testngconcepts.otheranoations" name="test1" time="0.001"/>
  <testcase classname="testngconcepts.otheranoations" name="test1" time="0.001"/>
  <testcase classname="testngconcepts.otheranoations" name="test1" time="0.004"/>
  <testcase classname="testngconcepts.otheranoations" name="test1" time="0.008"/>
  <testcase classname="testngconcepts.otheranoations" name="test2">
    <skipped/>
  </testcase> <!-- test2 -->
</testsuite> <!-- testngconcepts.otheranoations -->
