<?xml version="1.0" encoding="UTF-8"?>
<!-- Generated by org.testng.reporters.JUnitReportReporter -->
<testsuite hostname="LAPTOP-8TP6OQIJ" failures="0" tests="2" name="testngconcepts.GroupsDemo" time="0.012" errors="0" timestamp="2024-04-19T08:40:58 IST" skipped="0">
  <testcase classname="testngconcepts.GroupsDemo" name="test2" time="0.011"/>
  <testcase classname="testngconcepts.GroupsDemo" name="test3" time="0.001"/>
</testsuite> <!-- testngconcepts.GroupsDemo -->
