<?xml version="1.0" encoding="UTF-8"?>
<!-- Generated by org.testng.reporters.JUnitReportReporter -->
<testsuite hostname="LAPTOP-8TP6OQIJ" failures="0" tests="3" name="testngconcepts.priorityDemo" time="0.011" errors="0" timestamp="2024-04-18T08:58:48 IST" skipped="0">
  <testcase classname="testngconcepts.priorityDemo" name="verifyLogin" time="0.008"/>
  <testcase classname="testngconcepts.priorityDemo" name="signup" time="0.002"/>
  <testcase classname="testngconcepts.priorityDemo" name="logout" time="0.001"/>
</testsuite> <!-- testngconcepts.priorityDemo -->
