<?xml version="1.0" encoding="UTF-8"?>
<!-- Generated by org.testng.reporters.JUnitReportReporter -->
<testsuite hostname="LAPTOP-8TP6OQIJ" failures="0" tests="2" name="testngconcepts.Assrtions" time="0.023" errors="0" timestamp="2024-04-19T07:44:44 IST" skipped="0">
  <testcase classname="testngconcepts.Assrtions" name="method1" time="0.012"/>
  <testcase classname="testngconcepts.Assrtions" name="method2" time="0.011"/>
</testsuite> <!-- testngconcepts.Assrtions -->
