<?xml version="1.0" encoding="UTF-8"?>
<!-- Generated by org.testng.reporters.JUnitReportReporter -->
<testsuite hostname="LAPTOP-8TP6OQIJ" failures="0" tests="1" name="testngconcepts.paramaterization" time="4.810" errors="0" timestamp="2024-04-19T08:51:10 IST" skipped="0">
  <testcase classname="testngconcepts.paramaterization" name="demo1" time="4.810"/>
</testsuite> <!-- testngconcepts.paramaterization -->
