<?xml version="1.0" encoding="UTF-8"?>
<!-- Generated by org.testng.reporters.JUnitReportReporter -->
<testsuite hostname="LAPTOP-8TP6OQIJ" failures="0" tests="2" name="testngconcepts.AssertionRealExample" time="16.433" errors="0" timestamp="2024-04-19T08:05:42 IST" skipped="0">
  <testcase classname="testngconcepts.AssertionRealExample" name="verifyInvalidLogin" time="6.876"/>
  <testcase classname="testngconcepts.AssertionRealExample" name="verifyValidLogin" time="9.557"/>
</testsuite> <!-- testngconcepts.AssertionRealExample -->
