<?xml version="1.0" encoding="UTF-8"?>
<!-- Generated by org.testng.reporters.JUnitReportReporter -->
<testsuite hostname="LAPTOP-8TP6OQIJ" failures="0" tests="2" name="testngconcepts.dataProviderDemo" time="8.070" errors="0" timestamp="2024-04-19T08:25:21 IST" skipped="0">
  <testcase classname="testngconcepts.dataProviderDemo" name="login" time="4.128"/>
  <testcase classname="testngconcepts.dataProviderDemo" name="login" time="3.942"/>
</testsuite> <!-- testngconcepts.dataProviderDemo -->
